23:07:02.813 [main] INFO  com.example.demo.DemoApplication(51) - Starting DemoApplication using Java 17.0.8 with PID 4768 (C:\VSCodeWorkspaces\demo\SpringmongoBackend\target\classes started by DELL in C:\VSCodeWorkspaces\demo\SpringmongoBackend)
23:07:02.816 [main] INFO  com.example.demo.DemoApplication(634) - No active profile set, falling back to 1 default profile: "default"
23:07:03.762 [main] INFO  org.springframework.data.repository.config.RepositoryConfigurationDelegate(138) - Bootstrapping Spring Data MongoDB repositories in DEFAULT mode.
23:07:03.813 [main] INFO  org.springframework.data.repository.config.RepositoryConfigurationDelegate(208) - Finished Spring Data repository scanning in 46 ms. Found 1 MongoDB repository interfaces.
23:07:04.250 [main] INFO  org.springframework.boot.web.embedded.tomcat.TomcatWebServer(108) - Tomcat initialized with port(s): 8080 (http)
23:07:04.261 [main] INFO  org.apache.coyote.http11.Http11NioProtocol(173) - Initializing ProtocolHandler ["http-nio-8080"]
23:07:04.263 [main] INFO  org.apache.catalina.core.StandardService(173) - Starting service [Tomcat]
23:07:04.263 [main] INFO  org.apache.catalina.core.StandardEngine(173) - Starting Servlet engine: [Apache Tomcat/10.1.12]
23:07:04.358 [main] INFO  org.apache.catalina.core.ContainerBase.[Tomcat].[localhost].[/](173) - Initializing Spring embedded WebApplicationContext
23:07:04.358 [main] INFO  org.springframework.boot.web.servlet.context.ServletWebServerApplicationContext(291) - Root WebApplicationContext: initialization completed in 1477 ms
23:07:04.734 [main] INFO  org.mongodb.driver.client(71) - MongoClient with metadata {"driver": {"name": "mongo-java-driver|sync|spring-boot", "version": "4.9.1"}, "os": {"type": "Windows", "name": "Windows 11", "architecture": "amd64", "version": "10.0"}, "platform": "Java/Oracle Corporation/17.0.8+9-LTS-211"} created with settings MongoClientSettings{readPreference=primary, writeConcern=WriteConcern{w=null, wTimeout=null ms, journal=null}, retryWrites=true, retryReads=true, readConcern=ReadConcern{level=null}, credential=null, streamFactoryFactory=null, commandListeners=[io.micrometer.core.instrument.binder.mongodb.MongoMetricsCommandListener@1cd2ff5b], codecRegistry=ProvidersCodecRegistry{codecProviders=[ValueCodecProvider{}, BsonValueCodecProvider{}, DBRefCodecProvider{}, DBObjectCodecProvider{}, DocumentCodecProvider{}, CollectionCodecProvider{}, IterableCodecProvider{}, MapCodecProvider{}, GeoJsonCodecProvider{}, GridFSFileCodecProvider{}, Jsr310CodecProvider{}, JsonObjectCodecProvider{}, BsonCodecProvider{}, EnumCodecProvider{}, com.mongodb.client.model.mql.ExpressionCodecProvider@38ac8968, com.mongodb.Jep395RecordCodecProvider@17ff8810]}, loggerSettings=LoggerSettings{maxDocumentLength=1000}, clusterSettings={hosts=[localhost:27017], srvServiceName=mongodb, mode=SINGLE, requiredClusterType=UNKNOWN, requiredReplicaSetName='null', serverSelector='null', clusterListeners='[]', serverSelectionTimeout='30000 ms', localThreshold='30000 ms'}, socketSettings=SocketSettings{connectTimeoutMS=10000, readTimeoutMS=0, receiveBufferSize=0, sendBufferSize=0}, heartbeatSocketSettings=SocketSettings{connectTimeoutMS=10000, readTimeoutMS=10000, receiveBufferSize=0, sendBufferSize=0}, connectionPoolSettings=ConnectionPoolSettings{maxSize=100, minSize=0, maxWaitTimeMS=120000, maxConnectionLifeTimeMS=0, maxConnectionIdleTimeMS=0, maintenanceInitialDelayMS=0, maintenanceFrequencyMS=60000, connectionPoolListeners=[io.micrometer.core.instrument.binder.mongodb.MongoMetricsConnectionPoolListener@6c951ada], maxConnecting=2}, serverSettings=ServerSettings{heartbeatFrequencyMS=10000, minHeartbeatFrequencyMS=500, serverListeners='[]', serverMonitorListeners='[]'}, sslSettings=SslSettings{enabled=false, invalidHostNameAllowed=false, context=null}, applicationName='null', compressorList=[], uuidRepresentation=JAVA_LEGACY, serverApi=null, autoEncryptionSettings=null, contextProvider=null}
23:07:04.750 [cluster-ClusterId{value='6563c1882e5b6c34f1748076', description='null'}-localhost:27017] INFO  org.mongodb.driver.cluster(71) - Monitor thread successfully connected to server with description ServerDescription{address=localhost:27017, type=STANDALONE, state=CONNECTED, ok=true, minWireVersion=0, maxWireVersion=9, maxDocumentSize=16777216, logicalSessionTimeoutMinutes=30, roundTripTimeNanos=31364000}
23:07:05.559 [main] INFO  org.springframework.boot.actuate.endpoint.web.EndpointLinksResolver(58) - Exposing 1 endpoint(s) beneath base path '/actuator'
23:07:05.609 [main] INFO  org.apache.coyote.http11.Http11NioProtocol(173) - Starting ProtocolHandler ["http-nio-8080"]
23:07:05.631 [main] INFO  org.springframework.boot.web.embedded.tomcat.TomcatWebServer(220) - Tomcat started on port(s): 8080 (http) with context path ''
23:07:05.645 [main] INFO  com.example.demo.DemoApplication(57) - Started DemoApplication in 3.297 seconds (process running for 4.327)
23:07:06.242 [RMI TCP Connection(1)-10.246.2.48] INFO  org.apache.catalina.core.ContainerBase.[Tomcat].[localhost].[/](173) - Initializing Spring DispatcherServlet 'dispatcherServlet'
23:07:06.243 [RMI TCP Connection(1)-10.246.2.48] INFO  org.springframework.web.servlet.DispatcherServlet(532) - Initializing Servlet 'dispatcherServlet'
23:07:06.244 [RMI TCP Connection(1)-10.246.2.48] INFO  org.springframework.web.servlet.DispatcherServlet(554) - Completed initialization in 1 ms
23:07:16.631 [http-nio-8080-exec-1] INFO  Student(78) - Liste de tous les étudiants récupérée.
23:08:37.072 [http-nio-8080-exec-2] INFO  Student(37) - Ajouter un etudiant
23:08:37.113 [http-nio-8080-exec-2] INFO  Student(41) - Étudiant sauvegardé avec succès : Student(_id=6563c1e52e5b6c34f1748077, studentname=toudeh, studentadresse=email@gmail.com, mobile=null, studentImage=null)
