{"timestamp": "2024-01-04T15:57:39.040", "level": "INFO", "logger": "readLogger",  "file": "ProductController.java", "message": "getProducts", "User": "Martin", "UserID": "65956dbbbe5d4add9cd0eedd"}
{"timestamp": "2024-01-04T15:57:39.912", "level": "INFO", "logger": "readLogger",  "file": "ProductController.java", "message": "getProducts", "User": "Martin", "UserID": "65956dbbbe5d4add9cd0eedd"}
{"timestamp": "2024-01-04T15:57:40.799", "level": "INFO", "logger": "readLogger",  "file": "ProductController.java", "message": "getProducts", "User": "Martin", "UserID": "65956dbbbe5d4add9cd0eedd"}
{"timestamp": "2024-01-04T16:04:54.097", "level": "INFO", "logger": "readLogger",  "file": "ProductController.java", "message": "getProducts", "User": "Martin", "UserID": "65956dbbbe5d4add9cd0eedd"}
{"timestamp": "2024-01-04T16:04:57.932", "level": "INFO", "logger": "readLogger",  "file": "ProductController.java", "message": "getProductById", "User": "Martin", "UserID": "65956dbbbe5d4add9cd0eedd", "Product": "Chaussete", "ProductID": "659578ca52f4d900d2ac7709", "Price": 8.99}
{"timestamp": "2024-01-04T16:04:58.758", "level": "INFO", "logger": "readLogger",  "file": "ProductController.java", "message": "getProductById", "User": "Martin", "UserID": "65956dbbbe5d4add9cd0eedd", "Product": "Chaussete", "ProductID": "659578ca52f4d900d2ac7709", "Price": 8.99}
{"timestamp": "2024-01-04T16:04:59.370", "level": "INFO", "logger": "readLogger",  "file": "ProductController.java", "message": "getProductById", "User": "Martin", "UserID": "65956dbbbe5d4add9cd0eedd", "Product": "Chaussete", "ProductID": "659578ca52f4d900d2ac7709", "Price": 8.99}
{"timestamp": "2024-01-04T16:04:59.884", "level": "INFO", "logger": "readLogger",  "file": "ProductController.java", "message": "getProductById", "User": "Martin", "UserID": "65956dbbbe5d4add9cd0eedd", "Product": "Chaussete", "ProductID": "659578ca52f4d900d2ac7709", "Price": 8.99}
{"timestamp": "2024-01-04T16:25:40.596", "level": "INFO", "logger": "readLogger",  "file": "ProductController.java", "message": "getProductById", "User": "Martin", "UserID": "65956dbbbe5d4add9cd0eedd", "Product": "Chaussete", "ProductID": "659578ca52f4d900d2ac7709", "Price": 8.99}
{"timestamp": "2024-01-04T16:25:45.699", "level": "INFO", "logger": "readLogger",  "file": "ProductController.java", "message": "getProducts", "User": "Martin", "UserID": "65956dbbbe5d4add9cd0eedd"}
{"timestamp": "2024-01-04T17:54:41.298", "level": "INFO", "logger": "readLogger",  "file": "ProductController.java", "message": "getProducts", "User": "Martin", "UserID": "65956dbbbe5d4add9cd0eedd"}
{"timestamp": "2024-01-04T17:56:10.623", "level": "INFO", "logger": "readLogger",  "file": "ProductController.java", "message": "getProducts", "User": "Martin", "UserID": "65956dbbbe5d4add9cd0eedd"}
{"timestamp": "2024-01-04T18:03:56.942", "level": "INFO", "logger": "readLogger",  "file": "ProductController.java", "message": "getProducts", "User": "Martin", "UserID": "65956dbbbe5d4add9cd0eedd"}
{"timestamp": "2024-01-04T18:10:51.755", "level": "INFO", "logger": "readLogger",  "file": "ProductController.java", "message": "getProducts", "User": "Martin", "UserID": "65956dbbbe5d4add9cd0eedd"}
{"timestamp": "2024-01-04T18:47:46.382", "level": "INFO", "logger": "readLogger",  "file": "ProductController.java", "message": "getProducts", "User": "Lea", "UserID": "659570d852f4d900d2ac7707"}
{"timestamp": "2024-01-04T18:47:49.610", "level": "INFO", "logger": "readLogger",  "file": "ProductController.java", "message": "getProducts", "User": "Lea", "UserID": "659570d852f4d900d2ac7707"}
{"timestamp": "2024-01-04T18:47:50.714", "level": "INFO", "logger": "readLogger",  "file": "ProductController.java", "message": "getProducts", "User": "Lea", "UserID": "659570d852f4d900d2ac7707"}
{"timestamp": "2024-01-04T19:11:35.649", "level": "INFO", "logger": "readLogger",  "file": "ProductController.java", "message": "getProducts", "User": "Gaetan", "UserID": "659570b852f4d900d2ac7706"}
{"timestamp": "2024-01-04T19:11:36.001", "level": "INFO", "logger": "readLogger",  "file": "ProductController.java", "message": "getProducts", "User": "Gaetan", "UserID": "659570b852f4d900d2ac7706"}
{"timestamp": "2024-01-04T19:11:36.867", "level": "INFO", "logger": "readLogger",  "file": "ProductController.java", "message": "getProducts", "User": "Gaetan", "UserID": "659570b852f4d900d2ac7706"}
{"timestamp": "2024-01-04T22:12:37.522", "level": "INFO", "logger": "readLogger",  "file": "ProductController.java", "message": "getProducts", "User": "Gaetan", "UserID": "659570b852f4d900d2ac7706"}
{"timestamp": "2024-01-04T22:13:28.544", "level": "INFO", "logger": "readLogger",  "file": "ProductController.java", "message": "getProductById", "User": "Gaetan", "UserID": "659570b852f4d900d2ac7706", "Product": "Trotinette", "ProductID": "65959277ff910f65b555f970", "Price": 200.99}
{"timestamp": "2024-01-04T22:13:38.494", "level": "INFO", "logger": "readLogger",  "file": "ProductController.java", "message": "getProducts", "User": "Gaetan", "UserID": "659570b852f4d900d2ac7706"}
{"timestamp": "2024-01-04T22:15:22.900", "level": "INFO", "logger": "readLogger",  "file": "ProductController.java", "message": "getProducts", "User": "Gaetan", "UserID": "659570b852f4d900d2ac7706"}
{"timestamp": "2024-01-04T22:15:31.824", "level": "INFO", "logger": "readLogger",  "file": "ProductController.java", "message": "getProducts", "User": "Gaetan", "UserID": "659570b852f4d900d2ac7706"}
{"timestamp": "2024-01-04T22:15:32.487", "level": "INFO", "logger": "readLogger",  "file": "ProductController.java", "message": "getProducts", "User": "Gaetan", "UserID": "659570b852f4d900d2ac7706"}
{"timestamp": "2024-01-04T22:15:41.725", "level": "INFO", "logger": "readLogger",  "file": "ProductController.java", "message": "getProductById", "User": "Gaetan", "UserID": "659570b852f4d900d2ac7706", "Product": "Tablette", "ProductID": "65971fae84eacc576c3c27c7", "Price": 500.0}
{"timestamp": "2024-01-04T22:16:49.749", "level": "INFO", "logger": "readLogger",  "file": "ProductController.java", "message": "getProducts", "User": "Marie-Lou", "UserID": "6595710b52f4d900d2ac7708"}
{"timestamp": "2024-01-04T22:16:50.562", "level": "INFO", "logger": "readLogger",  "file": "ProductController.java", "message": "getProducts", "User": "Marie-Lou", "UserID": "6595710b52f4d900d2ac7708"}
{"timestamp": "2024-01-04T22:16:51.272", "level": "INFO", "logger": "readLogger",  "file": "ProductController.java", "message": "getProducts", "User": "Marie-Lou", "UserID": "6595710b52f4d900d2ac7708"}
{"timestamp": "2024-01-04T22:17:13.826", "level": "INFO", "logger": "readLogger",  "file": "ProductController.java", "message": "getProducts", "User": "Marie-Lou", "UserID": "6595710b52f4d900d2ac7708"}
{"timestamp": "2024-01-04T22:19:26.007", "level": "INFO", "logger": "readLogger",  "file": "ProductController.java", "message": "getProducts", "User": "Marie-Lou", "UserID": "6595710b52f4d900d2ac7708"}
{"timestamp": "2024-01-04T22:20:03.402", "level": "INFO", "logger": "readLogger",  "file": "ProductController.java", "message": "getProducts", "User": "Marie-Lou", "UserID": "6595710b52f4d900d2ac7708"}
{"timestamp": "2024-01-04T22:20:04.353", "level": "INFO", "logger": "readLogger",  "file": "ProductController.java", "message": "getProducts", "User": "Marie-Lou", "UserID": "6595710b52f4d900d2ac7708"}
{"timestamp": "2024-01-04T22:22:06.794", "level": "INFO", "logger": "readLogger",  "file": "ProductController.java", "message": "getProducts", "User": "Marie-Lou", "UserID": "6595710b52f4d900d2ac7708"}
{"timestamp": "2024-01-04T22:23:44.022", "level": "INFO", "logger": "readLogger",  "file": "ProductController.java", "message": "getProducts", "User": "Thierry", "UserID": "6595709252f4d900d2ac7705"}
{"timestamp": "2024-01-04T22:23:44.846", "level": "INFO", "logger": "readLogger",  "file": "ProductController.java", "message": "getProducts", "User": "Thierry", "UserID": "6595709252f4d900d2ac7705"}
{"timestamp": "2024-01-04T22:24:02.856", "level": "INFO", "logger": "readLogger",  "file": "ProductController.java", "message": "getProductById", "User": "Thierry", "UserID": "6595709252f4d900d2ac7705", "Product": "Blouson", "ProductID": "659720bd84eacc576c3c27c9", "Price": 30.99}
{"timestamp": "2024-01-04T22:24:28.958", "level": "INFO", "logger": "readLogger",  "file": "ProductController.java", "message": "getProducts", "User": "Celine", "UserID": "6595706452f4d900d2ac7704"}
{"timestamp": "2024-01-04T22:24:29.511", "level": "INFO", "logger": "readLogger",  "file": "ProductController.java", "message": "getProducts", "User": "Celine", "UserID": "6595706452f4d900d2ac7704"}
{"timestamp": "2024-01-04T22:24:30.145", "level": "INFO", "logger": "readLogger",  "file": "ProductController.java", "message": "getProducts", "User": "Celine", "UserID": "6595706452f4d900d2ac7704"}
{"timestamp": "2024-01-04T22:24:30.691", "level": "INFO", "logger": "readLogger",  "file": "ProductController.java", "message": "getProducts", "User": "Celine", "UserID": "6595706452f4d900d2ac7704"}
{"timestamp": "2024-01-04T22:24:35.499", "level": "INFO", "logger": "readLogger",  "file": "ProductController.java", "message": "getProductById", "User": "Celine", "UserID": "6595706452f4d900d2ac7704", "Product": "Blouson", "ProductID": "659720bd84eacc576c3c27c9", "Price": 30.99}
{"timestamp": "2024-01-04T22:24:36.156", "level": "INFO", "logger": "readLogger",  "file": "ProductController.java", "message": "getProductById", "User": "Celine", "UserID": "6595706452f4d900d2ac7704", "Product": "Blouson", "ProductID": "659720bd84eacc576c3c27c9", "Price": 30.99}
{"timestamp": "2024-01-04T22:25:06.541", "level": "INFO", "logger": "readLogger",  "file": "ProductController.java", "message": "getProductById", "User": "Celine", "UserID": "6595706452f4d900d2ac7704", "Product": "Blouson", "ProductID": "659720bd84eacc576c3c27c9", "Price": 30.99}
{"timestamp": "2024-01-04T22:26:11.628", "level": "INFO", "logger": "readLogger",  "file": "ProductController.java", "message": "getProductById", "User": "Lucie", "UserID": "65956eb952f4d900d2ac7703", "Product": "Blouson", "ProductID": "659720bd84eacc576c3c27c9", "Price": 30.99}
{"timestamp": "2024-01-04T22:26:12.130", "level": "INFO", "logger": "readLogger",  "file": "ProductController.java", "message": "getProductById", "User": "Lucie", "UserID": "65956eb952f4d900d2ac7703", "Product": "Blouson", "ProductID": "659720bd84eacc576c3c27c9", "Price": 30.99}
{"timestamp": "2024-01-04T22:26:59.327", "level": "INFO", "logger": "readLogger",  "file": "ProductController.java", "message": "getProducts", "User": "Baptiste", "UserID": "65956d34be5d4add9cd0eedc"}
{"timestamp": "2024-01-04T22:26:59.850", "level": "INFO", "logger": "readLogger",  "file": "ProductController.java", "message": "getProducts", "User": "Baptiste", "UserID": "65956d34be5d4add9cd0eedc"}
{"timestamp": "2024-01-04T22:27:00.352", "level": "INFO", "logger": "readLogger",  "file": "ProductController.java", "message": "getProducts", "User": "Baptiste", "UserID": "65956d34be5d4add9cd0eedc"}
{"timestamp": "2024-01-04T22:27:00.755", "level": "INFO", "logger": "readLogger",  "file": "ProductController.java", "message": "getProducts", "User": "Baptiste", "UserID": "65956d34be5d4add9cd0eedc"}
{"timestamp": "2024-01-04T22:27:01.171", "level": "INFO", "logger": "readLogger",  "file": "ProductController.java", "message": "getProducts", "User": "Baptiste", "UserID": "65956d34be5d4add9cd0eedc"}
{"timestamp": "2024-01-04T22:27:01.593", "level": "INFO", "logger": "readLogger",  "file": "ProductController.java", "message": "getProducts", "User": "Baptiste", "UserID": "65956d34be5d4add9cd0eedc"}
{"timestamp": "2024-01-04T22:27:02.127", "level": "INFO", "logger": "readLogger",  "file": "ProductController.java", "message": "getProducts", "User": "Baptiste", "UserID": "65956d34be5d4add9cd0eedc"}
{"timestamp": "2024-01-04T22:27:02.515", "level": "INFO", "logger": "readLogger",  "file": "ProductController.java", "message": "getProducts", "User": "Baptiste", "UserID": "65956d34be5d4add9cd0eedc"}
{"timestamp": "2024-01-04T22:27:02.924", "level": "INFO", "logger": "readLogger",  "file": "ProductController.java", "message": "getProducts", "User": "Baptiste", "UserID": "65956d34be5d4add9cd0eedc"}
{"timestamp": "2024-01-04T22:27:03.348", "level": "INFO", "logger": "readLogger",  "file": "ProductController.java", "message": "getProducts", "User": "Baptiste", "UserID": "65956d34be5d4add9cd0eedc"}
{"timestamp": "2024-01-04T22:27:03.786", "level": "INFO", "logger": "readLogger",  "file": "ProductController.java", "message": "getProducts", "User": "Baptiste", "UserID": "65956d34be5d4add9cd0eedc"}
{"timestamp": "2024-01-04T22:27:04.217", "level": "INFO", "logger": "readLogger",  "file": "ProductController.java", "message": "getProducts", "User": "Baptiste", "UserID": "65956d34be5d4add9cd0eedc"}
{"timestamp": "2024-01-04T22:27:04.628", "level": "INFO", "logger": "readLogger",  "file": "ProductController.java", "message": "getProducts", "User": "Baptiste", "UserID": "65956d34be5d4add9cd0eedc"}
{"timestamp": "2024-01-04T22:27:05.168", "level": "INFO", "logger": "readLogger",  "file": "ProductController.java", "message": "getProducts", "User": "Baptiste", "UserID": "65956d34be5d4add9cd0eedc"}
{"timestamp": "2024-01-04T22:27:05.689", "level": "INFO", "logger": "readLogger",  "file": "ProductController.java", "message": "getProducts", "User": "Baptiste", "UserID": "65956d34be5d4add9cd0eedc"}
{"timestamp": "2024-01-04T22:27:06.164", "level": "INFO", "logger": "readLogger",  "file": "ProductController.java", "message": "getProducts", "User": "Baptiste", "UserID": "65956d34be5d4add9cd0eedc"}
{"timestamp": "2024-01-04T22:27:06.609", "level": "INFO", "logger": "readLogger",  "file": "ProductController.java", "message": "getProducts", "User": "Baptiste", "UserID": "65956d34be5d4add9cd0eedc"}
{"timestamp": "2024-01-04T22:27:07.028", "level": "INFO", "logger": "readLogger",  "file": "ProductController.java", "message": "getProducts", "User": "Baptiste", "UserID": "65956d34be5d4add9cd0eedc"}
{"timestamp": "2024-01-04T22:27:07.471", "level": "INFO", "logger": "readLogger",  "file": "ProductController.java", "message": "getProducts", "User": "Baptiste", "UserID": "65956d34be5d4add9cd0eedc"}
{"timestamp": "2024-01-04T22:27:07.898", "level": "INFO", "logger": "readLogger",  "file": "ProductController.java", "message": "getProducts", "User": "Baptiste", "UserID": "65956d34be5d4add9cd0eedc"}
{"timestamp": "2024-01-04T22:27:08.434", "level": "INFO", "logger": "readLogger",  "file": "ProductController.java", "message": "getProducts", "User": "Baptiste", "UserID": "65956d34be5d4add9cd0eedc"}
{"timestamp": "2024-01-04T22:27:08.894", "level": "INFO", "logger": "readLogger",  "file": "ProductController.java", "message": "getProducts", "User": "Baptiste", "UserID": "65956d34be5d4add9cd0eedc"}
{"timestamp": "2024-01-04T22:27:09.408", "level": "INFO", "logger": "readLogger",  "file": "ProductController.java", "message": "getProducts", "User": "Baptiste", "UserID": "65956d34be5d4add9cd0eedc"}
{"timestamp": "2024-01-04T22:27:09.859", "level": "INFO", "logger": "readLogger",  "file": "ProductController.java", "message": "getProducts", "User": "Baptiste", "UserID": "65956d34be5d4add9cd0eedc"}
{"timestamp": "2024-01-04T22:27:10.321", "level": "INFO", "logger": "readLogger",  "file": "ProductController.java", "message": "getProducts", "User": "Baptiste", "UserID": "65956d34be5d4add9cd0eedc"}
{"timestamp": "2024-01-04T22:27:10.760", "level": "INFO", "logger": "readLogger",  "file": "ProductController.java", "message": "getProducts", "User": "Baptiste", "UserID": "65956d34be5d4add9cd0eedc"}
{"timestamp": "2024-01-04T22:27:11.320", "level": "INFO", "logger": "readLogger",  "file": "ProductController.java", "message": "getProducts", "User": "Baptiste", "UserID": "65956d34be5d4add9cd0eedc"}
{"timestamp": "2024-01-04T22:27:11.783", "level": "INFO", "logger": "readLogger",  "file": "ProductController.java", "message": "getProducts", "User": "Baptiste", "UserID": "65956d34be5d4add9cd0eedc"}
{"timestamp": "2024-01-04T22:27:12.240", "level": "INFO", "logger": "readLogger",  "file": "ProductController.java", "message": "getProducts", "User": "Baptiste", "UserID": "65956d34be5d4add9cd0eedc"}
{"timestamp": "2024-01-04T22:27:12.713", "level": "INFO", "logger": "readLogger",  "file": "ProductController.java", "message": "getProducts", "User": "Baptiste", "UserID": "65956d34be5d4add9cd0eedc"}
{"timestamp": "2024-01-04T22:27:13.167", "level": "INFO", "logger": "readLogger",  "file": "ProductController.java", "message": "getProducts", "User": "Baptiste", "UserID": "65956d34be5d4add9cd0eedc"}
{"timestamp": "2024-01-04T22:27:13.639", "level": "INFO", "logger": "readLogger",  "file": "ProductController.java", "message": "getProducts", "User": "Baptiste", "UserID": "65956d34be5d4add9cd0eedc"}
{"timestamp": "2024-01-04T22:27:14.223", "level": "INFO", "logger": "readLogger",  "file": "ProductController.java", "message": "getProducts", "User": "Baptiste", "UserID": "65956d34be5d4add9cd0eedc"}
{"timestamp": "2024-01-04T22:27:14.683", "level": "INFO", "logger": "readLogger",  "file": "ProductController.java", "message": "getProducts", "User": "Baptiste", "UserID": "65956d34be5d4add9cd0eedc"}
{"timestamp": "2024-01-04T22:27:15.311", "level": "INFO", "logger": "readLogger",  "file": "ProductController.java", "message": "getProducts", "User": "Baptiste", "UserID": "65956d34be5d4add9cd0eedc"}
{"timestamp": "2024-01-04T22:27:15.959", "level": "INFO", "logger": "readLogger",  "file": "ProductController.java", "message": "getProducts", "User": "Baptiste", "UserID": "65956d34be5d4add9cd0eedc"}
{"timestamp": "2024-01-04T22:27:16.442", "level": "INFO", "logger": "readLogger",  "file": "ProductController.java", "message": "getProducts", "User": "Baptiste", "UserID": "65956d34be5d4add9cd0eedc"}
{"timestamp": "2024-01-04T22:27:16.936", "level": "INFO", "logger": "readLogger",  "file": "ProductController.java", "message": "getProducts", "User": "Baptiste", "UserID": "65956d34be5d4add9cd0eedc"}
{"timestamp": "2024-01-04T22:27:17.507", "level": "INFO", "logger": "readLogger",  "file": "ProductController.java", "message": "getProducts", "User": "Baptiste", "UserID": "65956d34be5d4add9cd0eedc"}
{"timestamp": "2024-01-04T22:27:17.986", "level": "INFO", "logger": "readLogger",  "file": "ProductController.java", "message": "getProducts", "User": "Baptiste", "UserID": "65956d34be5d4add9cd0eedc"}
{"timestamp": "2024-01-04T22:27:23.621", "level": "INFO", "logger": "readLogger",  "file": "ProductController.java", "message": "getProductById", "User": "Baptiste", "UserID": "65956d34be5d4add9cd0eedc", "Product": "Blouson", "ProductID": "659720bd84eacc576c3c27c9", "Price": 30.99}
{"timestamp": "2024-01-04T22:27:28.713", "level": "INFO", "logger": "readLogger",  "file": "ProductController.java", "message": "getProducts", "User": "Baptiste", "UserID": "65956d34be5d4add9cd0eedc"}
{"timestamp": "2024-01-04T22:28:36.764", "level": "INFO", "logger": "readLogger",  "file": "ProductController.java", "message": "getProducts", "User": "douda", "UserID": "658fe6aa72ab2f6fdb6e127a"}
{"timestamp": "2024-01-04T22:28:57.182", "level": "INFO", "logger": "readLogger",  "file": "ProductController.java", "message": "getProductById", "User": "douda", "UserID": "658fe6aa72ab2f6fdb6e127a", "Product": "Blouson", "ProductID": "659720bd84eacc576c3c27c9", "Price": 30.99}
{"timestamp": "2024-01-04T22:29:06.932", "level": "INFO", "logger": "readLogger",  "file": "ProductController.java", "message": "getProducts", "User": "douda", "UserID": "658fe6aa72ab2f6fdb6e127a"}
{"timestamp": "2024-01-04T22:29:07.519", "level": "INFO", "logger": "readLogger",  "file": "ProductController.java", "message": "getProducts", "User": "douda", "UserID": "658fe6aa72ab2f6fdb6e127a"}
{"timestamp": "2024-01-04T22:29:08.039", "level": "INFO", "logger": "readLogger",  "file": "ProductController.java", "message": "getProducts", "User": "douda", "UserID": "658fe6aa72ab2f6fdb6e127a"}
{"timestamp": "2024-01-04T22:29:08.548", "level": "INFO", "logger": "readLogger",  "file": "ProductController.java", "message": "getProducts", "User": "douda", "UserID": "658fe6aa72ab2f6fdb6e127a"}
{"timestamp": "2024-01-04T22:29:09.168", "level": "INFO", "logger": "readLogger",  "file": "ProductController.java", "message": "getProducts", "User": "douda", "UserID": "658fe6aa72ab2f6fdb6e127a"}
{"timestamp": "2024-01-04T22:29:09.715", "level": "INFO", "logger": "readLogger",  "file": "ProductController.java", "message": "getProducts", "User": "douda", "UserID": "658fe6aa72ab2f6fdb6e127a"}
{"timestamp": "2024-01-04T22:29:10.223", "level": "INFO", "logger": "readLogger",  "file": "ProductController.java", "message": "getProducts", "User": "douda", "UserID": "658fe6aa72ab2f6fdb6e127a"}
{"timestamp": "2024-01-04T22:29:10.759", "level": "INFO", "logger": "readLogger",  "file": "ProductController.java", "message": "getProducts", "User": "douda", "UserID": "658fe6aa72ab2f6fdb6e127a"}
{"timestamp": "2024-01-04T22:29:11.265", "level": "INFO", "logger": "readLogger",  "file": "ProductController.java", "message": "getProducts", "User": "douda", "UserID": "658fe6aa72ab2f6fdb6e127a"}
{"timestamp": "2024-01-04T22:29:11.919", "level": "INFO", "logger": "readLogger",  "file": "ProductController.java", "message": "getProducts", "User": "douda", "UserID": "658fe6aa72ab2f6fdb6e127a"}
{"timestamp": "2024-01-04T22:29:12.439", "level": "INFO", "logger": "readLogger",  "file": "ProductController.java", "message": "getProducts", "User": "douda", "UserID": "658fe6aa72ab2f6fdb6e127a"}
{"timestamp": "2024-01-04T22:29:12.990", "level": "INFO", "logger": "readLogger",  "file": "ProductController.java", "message": "getProducts", "User": "douda", "UserID": "658fe6aa72ab2f6fdb6e127a"}
{"timestamp": "2024-01-04T22:29:13.466", "level": "INFO", "logger": "readLogger",  "file": "ProductController.java", "message": "getProducts", "User": "douda", "UserID": "658fe6aa72ab2f6fdb6e127a"}
{"timestamp": "2024-01-04T22:29:14.448", "level": "INFO", "logger": "readLogger",  "file": "ProductController.java", "message": "getProducts", "User": "douda", "UserID": "658fe6aa72ab2f6fdb6e127a"}
{"timestamp": "2024-01-04T22:29:15.301", "level": "INFO", "logger": "readLogger",  "file": "ProductController.java", "message": "getProducts", "User": "douda", "UserID": "658fe6aa72ab2f6fdb6e127a"}
{"timestamp": "2024-01-04T22:29:15.843", "level": "INFO", "logger": "readLogger",  "file": "ProductController.java", "message": "getProducts", "User": "douda", "UserID": "658fe6aa72ab2f6fdb6e127a"}
{"timestamp": "2024-01-04T22:29:16.419", "level": "INFO", "logger": "readLogger",  "file": "ProductController.java", "message": "getProducts", "User": "douda", "UserID": "658fe6aa72ab2f6fdb6e127a"}
{"timestamp": "2024-01-04T22:29:16.944", "level": "INFO", "logger": "readLogger",  "file": "ProductController.java", "message": "getProducts", "User": "douda", "UserID": "658fe6aa72ab2f6fdb6e127a"}
{"timestamp": "2024-01-04T22:29:17.497", "level": "INFO", "logger": "readLogger",  "file": "ProductController.java", "message": "getProducts", "User": "douda", "UserID": "658fe6aa72ab2f6fdb6e127a"}
{"timestamp": "2024-01-04T22:29:21.910", "level": "INFO", "logger": "readLogger",  "file": "ProductController.java", "message": "getProducts", "User": "douda", "UserID": "658fe6aa72ab2f6fdb6e127a"}
{"timestamp": "2024-01-04T22:29:22.487", "level": "INFO", "logger": "readLogger",  "file": "ProductController.java", "message": "getProducts", "User": "douda", "UserID": "658fe6aa72ab2f6fdb6e127a"}
{"timestamp": "2024-01-04T22:29:23.028", "level": "INFO", "logger": "readLogger",  "file": "ProductController.java", "message": "getProducts", "User": "douda", "UserID": "658fe6aa72ab2f6fdb6e127a"}
{"timestamp": "2024-01-04T22:29:23.555", "level": "INFO", "logger": "readLogger",  "file": "ProductController.java", "message": "getProducts", "User": "douda", "UserID": "658fe6aa72ab2f6fdb6e127a"}
{"timestamp": "2024-01-04T22:29:24.165", "level": "INFO", "logger": "readLogger",  "file": "ProductController.java", "message": "getProducts", "User": "douda", "UserID": "658fe6aa72ab2f6fdb6e127a"}
{"timestamp": "2024-01-04T22:29:24.838", "level": "INFO", "logger": "readLogger",  "file": "ProductController.java", "message": "getProducts", "User": "douda", "UserID": "658fe6aa72ab2f6fdb6e127a"}
{"timestamp": "2024-01-04T22:29:25.388", "level": "INFO", "logger": "readLogger",  "file": "ProductController.java", "message": "getProducts", "User": "douda", "UserID": "658fe6aa72ab2f6fdb6e127a"}
{"timestamp": "2024-01-04T22:29:25.952", "level": "INFO", "logger": "readLogger",  "file": "ProductController.java", "message": "getProducts", "User": "douda", "UserID": "658fe6aa72ab2f6fdb6e127a"}
{"timestamp": "2024-01-04T22:29:26.509", "level": "INFO", "logger": "readLogger",  "file": "ProductController.java", "message": "getProducts", "User": "douda", "UserID": "658fe6aa72ab2f6fdb6e127a"}
{"timestamp": "2024-01-04T22:29:27.105", "level": "INFO", "logger": "readLogger",  "file": "ProductController.java", "message": "getProducts", "User": "douda", "UserID": "658fe6aa72ab2f6fdb6e127a"}
{"timestamp": "2024-01-04T22:29:27.785", "level": "INFO", "logger": "readLogger",  "file": "ProductController.java", "message": "getProducts", "User": "douda", "UserID": "658fe6aa72ab2f6fdb6e127a"}
{"timestamp": "2024-01-04T22:29:28.389", "level": "INFO", "logger": "readLogger",  "file": "ProductController.java", "message": "getProducts", "User": "douda", "UserID": "658fe6aa72ab2f6fdb6e127a"}
{"timestamp": "2024-01-04T22:29:28.944", "level": "INFO", "logger": "readLogger",  "file": "ProductController.java", "message": "getProducts", "User": "douda", "UserID": "658fe6aa72ab2f6fdb6e127a"}
{"timestamp": "2024-01-04T22:29:29.516", "level": "INFO", "logger": "readLogger",  "file": "ProductController.java", "message": "getProducts", "User": "douda", "UserID": "658fe6aa72ab2f6fdb6e127a"}
{"timestamp": "2024-01-04T22:29:30.110", "level": "INFO", "logger": "readLogger",  "file": "ProductController.java", "message": "getProducts", "User": "douda", "UserID": "658fe6aa72ab2f6fdb6e127a"}
{"timestamp": "2024-01-04T22:29:30.704", "level": "INFO", "logger": "readLogger",  "file": "ProductController.java", "message": "getProducts", "User": "douda", "UserID": "658fe6aa72ab2f6fdb6e127a"}
{"timestamp": "2024-01-04T22:29:31.275", "level": "INFO", "logger": "readLogger",  "file": "ProductController.java", "message": "getProducts", "User": "douda", "UserID": "658fe6aa72ab2f6fdb6e127a"}
{"timestamp": "2024-01-04T22:29:31.807", "level": "INFO", "logger": "readLogger",  "file": "ProductController.java", "message": "getProducts", "User": "douda", "UserID": "658fe6aa72ab2f6fdb6e127a"}
{"timestamp": "2024-01-04T22:29:32.429", "level": "INFO", "logger": "readLogger",  "file": "ProductController.java", "message": "getProducts", "User": "douda", "UserID": "658fe6aa72ab2f6fdb6e127a"}
{"timestamp": "2024-01-04T22:29:33.003", "level": "INFO", "logger": "readLogger",  "file": "ProductController.java", "message": "getProducts", "User": "douda", "UserID": "658fe6aa72ab2f6fdb6e127a"}
{"timestamp": "2024-01-04T22:29:33.568", "level": "INFO", "logger": "readLogger",  "file": "ProductController.java", "message": "getProducts", "User": "douda", "UserID": "658fe6aa72ab2f6fdb6e127a"}
{"timestamp": "2024-01-04T22:29:34.158", "level": "INFO", "logger": "readLogger",  "file": "ProductController.java", "message": "getProducts", "User": "douda", "UserID": "658fe6aa72ab2f6fdb6e127a"}
{"timestamp": "2024-01-04T22:29:34.817", "level": "INFO", "logger": "readLogger",  "file": "ProductController.java", "message": "getProducts", "User": "douda", "UserID": "658fe6aa72ab2f6fdb6e127a"}
{"timestamp": "2024-01-04T22:29:35.361", "level": "INFO", "logger": "readLogger",  "file": "ProductController.java", "message": "getProducts", "User": "douda", "UserID": "658fe6aa72ab2f6fdb6e127a"}
{"timestamp": "2024-01-04T22:29:35.885", "level": "INFO", "logger": "readLogger",  "file": "ProductController.java", "message": "getProducts", "User": "douda", "UserID": "658fe6aa72ab2f6fdb6e127a"}
{"timestamp": "2024-01-04T22:29:36.439", "level": "INFO", "logger": "readLogger",  "file": "ProductController.java", "message": "getProducts", "User": "douda", "UserID": "658fe6aa72ab2f6fdb6e127a"}
{"timestamp": "2024-01-04T22:30:34.115", "level": "INFO", "logger": "readLogger",  "file": "ProductController.java", "message": "getProducts", "User": "John Doe", "UserID": "658fe67272ab2f6fdb6e1279"}
